c:\ags_summer_true\project1\project1\x64\debug\vc143.pdb
c:\ags_summer_true\project1\project1\x64\debug\vc143.idb
c:\ags_summer_true\project1\project1\x64\debug\vector2f.obj
c:\ags_summer_true\project1\project1\x64\debug\vector2.obj
c:\ags_summer_true\project1\project1\x64\debug\titlescene.obj
c:\ags_summer_true\project1\project1\x64\debug\scenemanager.obj
c:\ags_summer_true\project1\project1\x64\debug\scenebase.obj
c:\ags_summer_true\project1\project1\x64\debug\player.obj
c:\ags_summer_true\project1\project1\x64\debug\main.obj
c:\ags_summer_true\project1\project1\x64\debug\gamescene.obj
c:\ags_summer_true\project1\project1\x64\debug\gameoverscene.obj
c:\ags_summer_true\project1\project1\x64\debug\fader.obj
c:\ags_summer_true\project1\project1\x64\debug\asoutility.obj
c:\ags_summer_true\project1\project1\x64\debug\application.obj
c:\ags_summer_true\project1\x64\debug\project1.exe
c:\ags_summer_true\project1\x64\debug\project1.pdb
c:\ags_summer_true\project1\project1\x64\debug\project1.ilk
c:\ags_summer_true\project1\project1\x64\debug\project1.tlog\cl.command.1.tlog
c:\ags_summer_true\project1\project1\x64\debug\project1.tlog\cl.items.tlog
c:\ags_summer_true\project1\project1\x64\debug\project1.tlog\cl.read.1.tlog
c:\ags_summer_true\project1\project1\x64\debug\project1.tlog\cl.write.1.tlog
c:\ags_summer_true\project1\project1\x64\debug\project1.tlog\link.command.1.tlog
c:\ags_summer_true\project1\project1\x64\debug\project1.tlog\link.read.1.tlog
c:\ags_summer_true\project1\project1\x64\debug\project1.tlog\link.secondary.1.tlog
c:\ags_summer_true\project1\project1\x64\debug\project1.tlog\link.write.1.tlog
